#
# There is insufficient memory for the Java Runtime Environment to continue.
# Native memory allocation (malloc) failed to allocate 624496 bytes for Chunk::new
# Possible reasons:
#   The system is out of physical RAM or swap space
#   In 32 bit mode, the process size limit was hit
# Possible solutions:
#   Reduce memory load on the system
#   Increase physical memory or swap space
#   Check if swap backing store is full
#   Use 64 bit Java on a 64 bit OS
#   Decrease Java heap size (-Xmx/-Xms)
#   Decrease number of Java threads
#   Decrease Java thread stack sizes (-Xss)
#   Set larger code cache with -XX:ReservedCodeCacheSize=
# This output file may be truncated or incomplete.
#
#  Out of Memory Error (allocation.cpp:390), pid=7896, tid=0x0000000000000c64
#
# JRE version: Java(TM) SE Runtime Environment (8.0_92-b14) (build 1.8.0_92-b14)
# Java VM: Java HotSpot(TM) 64-Bit Server VM (25.92-b14 mixed mode windows-amd64 compressed oops)
# Failed to write core dump. Minidumps are not enabled by default on client versions of Windows
#

---------------  T H R E A D  ---------------

Current thread (0x0000000014da5800):  JavaThread "C2 CompilerThread1" daemon [_thread_in_native, id=3172, stack(0x0000000016490000,0x0000000016590000)]

Stack: [0x0000000016490000,0x0000000016590000]
[error occurred during error reporting (printing stack bounds), id 0xc0000005]

Native frames: (J=compiled Java code, j=interpreted, Vv=VM code, C=native code)


Current CompileTask:
C2:  13135 2049       4       com.android.dx.dex.code.OutputFinisher::addConstants (93 bytes)


---------------  P R O C E S S  ---------------

Java Threads: ( => current thread )
  0x0000000018383800 JavaThread "pool-1-thread-1" [_thread_in_Java, id=12508, stack(0x0000000016c90000,0x0000000016d90000)]
  0x0000000016694800 JavaThread "Service Thread" daemon [_thread_blocked, id=16252, stack(0x0000000016a90000,0x0000000016b90000)]
  0x0000000014dad800 JavaThread "C1 CompilerThread2" daemon [_thread_blocked, id=14668, stack(0x0000000016590000,0x0000000016690000)]
=>0x0000000014da5800 JavaThread "C2 CompilerThread1" daemon [_thread_in_native, id=3172, stack(0x0000000016490000,0x0000000016590000)]
  0x0000000014d4d000 JavaThread "C2 CompilerThread0" daemon [_thread_in_native, id=13736, stack(0x0000000016390000,0x0000000016490000)]
  0x0000000014d4a000 JavaThread "Attach Listener" daemon [_thread_blocked, id=16120, stack(0x0000000016290000,0x0000000016390000)]
  0x0000000014d49000 JavaThread "Signal Dispatcher" daemon [_thread_blocked, id=13276, stack(0x0000000016190000,0x0000000016290000)]
  0x0000000014d3a800 JavaThread "Finalizer" daemon [_thread_blocked, id=14344, stack(0x0000000015fb0000,0x00000000160b0000)]
  0x00000000025cf000 JavaThread "Reference Handler" daemon [_thread_blocked, id=15932, stack(0x0000000015eb0000,0x0000000015fb0000)]
  0x00000000024e0800 JavaThread "main" [_thread_blocked, id=15396, stack(0x00000000023a0000,0x00000000024a0000)]

Other Threads:
  0x0000000014d18000 VMThread [stack: 0x0000000015db0000,0x0000000015eb0000] [id=15584]
  0x00000000166aa000 WatcherThread [stack: 0x0000000016b90000,0x0000000016c90000] [id=8276]

VM state:not at safepoint (normal execution)

VM Mutex/Monitor currently owned by a thread: None

Heap:
 PSYoungGen      total 138240K, used 31440K [0x00000000eab00000, 0x00000000fe400000, 0x0000000100000000)
  eden space 133120K, 19% used [0x00000000eab00000,0x00000000ec4bbf90,0x00000000f2d00000)
  from space 5120K, 99% used [0x00000000f2d00000,0x00000000f31f8370,0x00000000f3200000)
  to   space 27136K, 0% used [0x00000000fc980000,0x00000000fc980000,0x00000000fe400000)
 ParOldGen       total 87552K, used 45286K [0x00000000c0000000, 0x00000000c5580000, 0x00000000eab00000)
  object space 87552K, 51% used [0x00000000c0000000,0x00000000c2c39848,0x00000000c5580000)
 Metaspace       used 6428K, capacity 7256K, committed 7424K, reserved 1056768K
  class space    used 617K, capacity 656K, committed 768K, reserved 1048576K

Card table byte_map: [0x0000000011a40000,0x0000000011c50000] byte_map_base: 0x0000000011440000

Marking Bits: (ParMarkBitMap*) 0x00000000726064f0
 Begin Bits: [0x00000000121b0000, 0x00000000131b0000)
 End Bits:   [0x00000000131b0000, 0x00000000141b0000)

Polling page: 0x0000000000c40000

CodeCache: size=245760Kb used=9145Kb max_used=9145Kb free=236614Kb
 bounds [0x0000000002680000, 0x0000000002f80000, 0x0000000011680000]
 total_blobs=2247 nmethods=1983 adapters=176
 compilation: enabled

Compilation events (10 events):
Event: 13.026 Thread 0x0000000014da5800 nmethod 1804 0x0000000002f682d0 code [0x0000000002f68420, 0x0000000002f687b8]
Event: 13.026 Thread 0x0000000014da5800 2049       4       com.android.dx.dex.code.OutputFinisher::addConstants (93 bytes)
Event: 13.066 Thread 0x0000000014dad800 2051 %     3       com.android.dx.dex.code.StdCatchBuilder::hasAnyCatches @ 15 (57 bytes)
Event: 13.067 Thread 0x0000000014dad800 nmethod 2051% 0x0000000002f6b850 code [0x0000000002f6ba40, 0x0000000002f6c7b8]
Event: 13.067 Thread 0x0000000014dad800 2052       3       com.android.dx.dex.code.StdCatchBuilder::hasAnyCatches (57 bytes)
Event: 13.068 Thread 0x0000000014dad800 nmethod 2052 0x0000000002f6a3d0 code [0x0000000002f6a5c0, 0x0000000002f6b2f8]
Event: 13.093 Thread 0x0000000014dad800 2055 %     3       com.android.dx.dex.file.CodeItem::addContents @ 142 (174 bytes)
Event: 13.095 Thread 0x0000000014dad800 nmethod 2055% 0x0000000002f71e50 code [0x0000000002f72160, 0x0000000002f73b88]
Event: 13.095 Thread 0x0000000014dad800 2056       3       com.android.dx.dex.file.CodeItem::addContents (174 bytes)
Event: 13.097 Thread 0x0000000014dad800 nmethod 2056 0x0000000002f74690 code [0x0000000002f749a0, 0x0000000002f76348]

GC Heap History (10 events):
Event: 3.986 GC heap before
{Heap before GC invocations=1 (full 0):
 PSYoungGen      total 38400K, used 33280K [0x00000000eab00000, 0x00000000ed580000, 0x0000000100000000)
  eden space 33280K, 100% used [0x00000000eab00000,0x00000000ecb80000,0x00000000ecb80000)
  from space 5120K, 0% used [0x00000000ed080000,0x00000000ed080000,0x00000000ed580000)
  to   space 5120K, 0% used [0x00000000ecb80000,0x00000000ecb80000,0x00000000ed080000)
 ParOldGen       total 87552K, used 0K [0x00000000c0000000, 0x00000000c5580000, 0x00000000eab00000)
  object space 87552K, 0% used [0x00000000c0000000,0x00000000c0000000,0x00000000c5580000)
 Metaspace       used 5917K, capacity 6960K, committed 7040K, reserved 1056768K
  class space    used 590K, capacity 616K, committed 640K, reserved 1048576K
Event: 4.056 GC heap after
Heap after GC invocations=1 (full 0):
 PSYoungGen      total 38400K, used 5108K [0x00000000eab00000, 0x00000000ef600000, 0x0000000100000000)
  eden space 33280K, 0% used [0x00000000eab00000,0x00000000eab00000,0x00000000ecb80000)
  from space 5120K, 99% used [0x00000000ecb80000,0x00000000ed07d280,0x00000000ed080000)
  to   space 5120K, 0% used [0x00000000ef100000,0x00000000ef100000,0x00000000ef600000)
 ParOldGen       total 87552K, used 910K [0x00000000c0000000, 0x00000000c5580000, 0x00000000eab00000)
  object space 87552K, 1% used [0x00000000c0000000,0x00000000c00e3a68,0x00000000c5580000)
 Metaspace       used 5917K, capacity 6960K, committed 7040K, reserved 1056768K
  class space    used 590K, capacity 616K, committed 640K, reserved 1048576K
}
Event: 6.911 GC heap before
{Heap before GC invocations=2 (full 0):
 PSYoungGen      total 38400K, used 38388K [0x00000000eab00000, 0x00000000ef600000, 0x0000000100000000)
  eden space 33280K, 100% used [0x00000000eab00000,0x00000000ecb80000,0x00000000ecb80000)
  from space 5120K, 99% used [0x00000000ecb80000,0x00000000ed07d280,0x00000000ed080000)
  to   space 5120K, 0% used [0x00000000ef100000,0x00000000ef100000,0x00000000ef600000)
 ParOldGen       total 87552K, used 910K [0x00000000c0000000, 0x00000000c5580000, 0x00000000eab00000)
  object space 87552K, 1% used [0x00000000c0000000,0x00000000c00e3a68,0x00000000c5580000)
 Metaspace       used 6069K, capacity 7088K, committed 7296K, reserved 1056768K
  class space    used 590K, capacity 616K, committed 640K, reserved 1048576K
Event: 7.197 GC heap after
Heap after GC invocations=2 (full 0):
 PSYoungGen      total 71680K, used 5106K [0x00000000eab00000, 0x00000000ef600000, 0x0000000100000000)
  eden space 66560K, 0% used [0x00000000eab00000,0x00000000eab00000,0x00000000eec00000)
  from space 5120K, 99% used [0x00000000ef100000,0x00000000ef5fcbb8,0x00000000ef600000)
  to   space 5120K, 0% used [0x00000000eec00000,0x00000000eec00000,0x00000000ef100000)
 ParOldGen       total 87552K, used 5721K [0x00000000c0000000, 0x00000000c5580000, 0x00000000eab00000)
  object space 87552K, 6% used [0x00000000c0000000,0x00000000c0596768,0x00000000c5580000)
 Metaspace       used 6069K, capacity 7088K, committed 7296K, reserved 1056768K
  class space    used 590K, capacity 616K, committed 640K, reserved 1048576K
}
Event: 9.748 GC heap before
{Heap before GC invocations=3 (full 0):
 PSYoungGen      total 71680K, used 71666K [0x00000000eab00000, 0x00000000ef600000, 0x0000000100000000)
  eden space 66560K, 100% used [0x00000000eab00000,0x00000000eec00000,0x00000000eec00000)
  from space 5120K, 99% used [0x00000000ef100000,0x00000000ef5fcbb8,0x00000000ef600000)
  to   space 5120K, 0% used [0x00000000eec00000,0x00000000eec00000,0x00000000ef100000)
 ParOldGen       total 87552K, used 5721K [0x00000000c0000000, 0x00000000c5580000, 0x00000000eab00000)
  object space 87552K, 6% used [0x00000000c0000000,0x00000000c0596768,0x00000000c5580000)
 Metaspace       used 6159K, capacity 7152K, committed 7296K, reserved 1056768K
  class space    used 591K, capacity 616K, committed 640K, reserved 1048576K
Event: 10.000 GC heap after
Heap after GC invocations=3 (full 0):
 PSYoungGen      total 71680K, used 5107K [0x00000000eab00000, 0x00000000f3700000, 0x0000000100000000)
  eden space 66560K, 0% used [0x00000000eab00000,0x00000000eab00000,0x00000000eec00000)
  from space 5120K, 99% used [0x00000000eec00000,0x00000000ef0fcd60,0x00000000ef100000)
  to   space 5120K, 0% used [0x00000000f3200000,0x00000000f3200000,0x00000000f3700000)
 ParOldGen       total 87552K, used 15421K [0x00000000c0000000, 0x00000000c5580000, 0x00000000eab00000)
  object space 87552K, 17% used [0x00000000c0000000,0x00000000c0f0f780,0x00000000c5580000)
 Metaspace       used 6159K, capacity 7152K, committed 7296K, reserved 1056768K
  class space    used 591K, capacity 616K, committed 640K, reserved 1048576K
}
Event: 10.441 GC heap before
{Heap before GC invocations=4 (full 0):
 PSYoungGen      total 71680K, used 71667K [0x00000000eab00000, 0x00000000f3700000, 0x0000000100000000)
  eden space 66560K, 100% used [0x00000000eab00000,0x00000000eec00000,0x00000000eec00000)
  from space 5120K, 99% used [0x00000000eec00000,0x00000000ef0fcd60,0x00000000ef100000)
  to   space 5120K, 0% used [0x00000000f3200000,0x00000000f3200000,0x00000000f3700000)
 ParOldGen       total 87552K, used 15421K [0x00000000c0000000, 0x00000000c5580000, 0x00000000eab00000)
  object space 87552K, 17% used [0x00000000c0000000,0x00000000c0f0f780,0x00000000c5580000)
 Metaspace       used 6266K, capacity 7160K, committed 7296K, reserved 1056768K
  class space    used 611K, capacity 624K, committed 640K, reserved 1048576K
Event: 10.579 GC heap after
Heap after GC invocations=4 (full 0):
 PSYoungGen      total 138240K, used 5093K [0x00000000eab00000, 0x00000000f3700000, 0x0000000100000000)
  eden space 133120K, 0% used [0x00000000eab00000,0x00000000eab00000,0x00000000f2d00000)
  from space 5120K, 99% used [0x00000000f3200000,0x00000000f36f9430,0x00000000f3700000)
  to   space 5120K, 0% used [0x00000000f2d00000,0x00000000f2d00000,0x00000000f3200000)
 ParOldGen       total 87552K, used 25379K [0x00000000c0000000, 0x00000000c5580000, 0x00000000eab00000)
  object space 87552K, 28% used [0x00000000c0000000,0x00000000c18c8cd0,0x00000000c5580000)
 Metaspace       used 6266K, capacity 7160K, committed 7296K, reserved 1056768K
  class space    used 611K, capacity 624K, committed 640K, reserved 1048576K
}
Event: 12.006 GC heap before
{Heap before GC invocations=5 (full 0):
 PSYoungGen      total 138240K, used 138213K [0x00000000eab00000, 0x00000000f3700000, 0x0000000100000000)
  eden space 133120K, 100% used [0x00000000eab00000,0x00000000f2d00000,0x00000000f2d00000)
  from space 5120K, 99% used [0x00000000f3200000,0x00000000f36f9430,0x00000000f3700000)
  to   space 5120K, 0% used [0x00000000f2d00000,0x00000000f2d00000,0x00000000f3200000)
 ParOldGen       total 87552K, used 25379K [0x00000000c0000000, 0x00000000c5580000, 0x00000000eab00000)
  object space 87552K, 28% used [0x00000000c0000000,0x00000000c18c8cd0,0x00000000c5580000)
 Metaspace       used 6328K, capacity 7160K, committed 7296K, reserved 1056768K
  class space    used 611K, capacity 624K, committed 640K, reserved 1048576K
Event: 12.202 GC heap after
Heap after GC invocations=5 (full 0):
 PSYoungGen      total 138240K, used 5088K [0x00000000eab00000, 0x00000000fe400000, 0x0000000100000000)
  eden space 133120K, 0% used [0x00000000eab00000,0x00000000eab00000,0x00000000f2d00000)
  from space 5120K, 99% used [0x00000000f2d00000,0x00000000f31f8370,0x00000000f3200000)
  to   space 27136K, 0% used [0x00000000fc980000,0x00000000fc980000,0x00000000fe400000)
 ParOldGen       total 87552K, used 45286K [0x00000000c0000000, 0x00000000c5580000, 0x00000000eab00000)
  object space 87552K, 51% used [0x00000000c0000000,0x00000000c2c39848,0x00000000c5580000)
 Metaspace       used 6328K, capacity 7160K, committed 7296K, reserved 1056768K
  class space    used 611K, capacity 624K, committed 640K, reserved 1048576K
}

Deoptimization events (10 events):
Event: 10.904 Thread 0x00000000169c1000 Uncommon trap: reason=unstable_if action=reinterpret pc=0x0000000002bd068c method=com.android.dx.ssa.MoveParamCombiner$1.visitNonMoveInsn(Lcom/android/dx/ssa/NormalSsaInsn;)V @ 27
Event: 10.959 Thread 0x00000000169bc000 Uncommon trap: reason=unstable_if action=reinterpret pc=0x0000000002e1c554 method=java.util.HashMap.resize()[Ljava/util/HashMap$Node; @ 206
Event: 11.249 Thread 0x00000000169c1000 Uncommon trap: reason=bimorphic action=maybe_recompile pc=0x0000000002cfe874 method=com.android.dx.ssa.SCCP.simulatePhi(Lcom/android/dx/ssa/PhiInsn;)V @ 124
Event: 11.316 Thread 0x00000000169c1000 Uncommon trap: reason=bimorphic action=maybe_recompile pc=0x0000000002cfe874 method=com.android.dx.ssa.SCCP.simulatePhi(Lcom/android/dx/ssa/PhiInsn;)V @ 124
Event: 11.533 Thread 0x00000000169bc000 Uncommon trap: reason=unstable_if action=reinterpret pc=0x0000000002e105f8 method=com.android.dx.ssa.SCCP.simulateBranch(Lcom/android/dx/ssa/SsaInsn;)V @ 548
Event: 12.796 Thread 0x0000000018383800 Uncommon trap: reason=class_check action=maybe_recompile pc=0x0000000002b2d6d8 method=java.util.Arrays.hashCode([Ljava/lang/Object;)I @ 43
Event: 12.796 Thread 0x0000000018383800 Uncommon trap: reason=class_check action=maybe_recompile pc=0x0000000002b2d6d8 method=java.util.Arrays.hashCode([Ljava/lang/Object;)I @ 43
Event: 12.796 Thread 0x0000000018383800 Uncommon trap: reason=class_check action=maybe_recompile pc=0x0000000002b2d6d8 method=java.util.Arrays.hashCode([Ljava/lang/Object;)I @ 43
Event: 12.796 Thread 0x0000000018383800 Uncommon trap: reason=class_check action=maybe_recompile pc=0x0000000002b2d6d8 method=java.util.Arrays.hashCode([Ljava/lang/Object;)I @ 43
Event: 12.796 Thread 0x0000000018383800 Uncommon trap: reason=class_check action=maybe_recompile pc=0x0000000002b43238 method=java.util.Arrays.hashCode([Ljava/lang/Object;)I @ 43

Internal exceptions (6 events):
Event: 0.095 Thread 0x00000000024e0800 Exception <a 'java/lang/NoSuchMethodError': Method sun.misc.Unsafe.defineClass(Ljava/lang/String;[BII)Ljava/lang/Class; name or signature does not match> (0x00000000eab07cc0) thrown at [D:\re\workspace\8-2-build-windows-amd64-cygwin\jdk8u92\6642\hotspot\sr4—Ito¸?
Event: 0.095 Thread 0x00000000024e0800 Exception <a 'java/lang/NoSuchMethodError': Method sun.misc.Unsafe.prefetchRead(Ljava/lang/Object;J)V name or signature does not match> (0x00000000eab07fa8) thrown at [D:\re\workspace\8-2-build-windows-amd64-cygwin\jdk8u92\6642\hotspot\src\share\vm\prims\jj¦%Ñ@
Event: 6.274 Thread 0x00000000169bf800 Implicit null exception at 0x0000000002c6b8fe to 0x0000000002c6d2c9
Event: 10.369 Thread 0x00000000169bf800 Exception <a 'java/lang/ArrayIndexOutOfBoundsException': 18> (0x00000000ee1be118) thrown at [D:\re\workspace\8-2-build-windows-amd64-cygwin\jdk8u92\6642\hotspot\src\share\vm\interpreter\interpreterRuntime.cpp, line 366]
Event: 10.369 Thread 0x00000000169bf800 Exception <a 'java/lang/ArrayIndexOutOfBoundsException': 145> (0x00000000ee1bfc98) thrown at [D:\re\workspace\8-2-build-windows-amd64-cygwin\jdk8u92\6642\hotspot\src\share\vm\interpreter\interpreterRuntime.cpp, line 366]
Event: 10.371 Thread 0x00000000169bf800 Exception <a 'java/lang/ArrayIndexOutOfBoundsException'> (0x00000000ee1c0f80) thrown at [D:\re\workspace\8-2-build-windows-amd64-cygwin\jdk8u92\6642\hotspot\src\share\vm\runtime\sharedRuntime.cpp, line 605]

Events (10 events):
Event: 12.814 loading class com/android/dx/rop/cst/Zeroes
Event: 12.814 loading class com/android/dx/rop/cst/Zeroes done
Event: 12.905 loading class com/android/dx/dex/file/CatchStructs
Event: 12.905 loading class com/android/dx/dex/file/CatchStructs done
Event: 12.946 Thread 0x0000000018383800 DEOPT PACKING pc=0x0000000002f3bcaa sp=0x0000000016d8e9a0
Event: 12.946 Thread 0x0000000018383800 DEOPT UNPACKING pc=0x00000000026c787f sp=0x0000000016d8e730 mode 0
Event: 13.068 Thread 0x0000000018383800 DEOPT PACKING pc=0x0000000002f60884 sp=0x0000000016d8e9d0
Event: 13.068 Thread 0x0000000018383800 DEOPT UNPACKING pc=0x00000000026c787f sp=0x0000000016d8e720 mode 0
Event: 13.097 Thread 0x0000000018383800 DEOPT PACKING pc=0x0000000002f61518 sp=0x0000000016d8ea60
Event: 13.097 Thread 0x0000000018383800 DEOPT UNPACKING pc=0x00000000026c787f sp=0x0000000016d8e7e0 mode 0


Dynamic libraries:
0x00007ff6a0d60000 - 0x00007ff6a0d97000 	C:\Program Files\Java\jdk1.8.0_92\bin\java.exe
0x00007ffe9f8a0000 - 0x00007ffe9fa49000 	C:\Windows\SYSTEM32\ntdll.dll
0x00007ffe9db40000 - 0x00007ffe9dc7a000 	C:\Windows\system32\KERNEL32.DLL
0x00007ffe9ce40000 - 0x00007ffe9cf4f000 	C:\Windows\system32\KERNELBASE.dll
0x00007ffe9d720000 - 0x00007ffe9d7c5000 	C:\Windows\system32\ADVAPI32.dll
0x00007ffe9d830000 - 0x00007ffe9d9a1000 	C:\Windows\system32\USER32.dll
0x00007ffe9a480000 - 0x00007ffe9a6da000 	C:\Windows\WinSxS\amd64_microsoft.windows.common-controls_6595b64144ccf1df_6.0.9600.16384_none_62475f7becb72503\COMCTL32.dll
0x00007ffe9d130000 - 0x00007ffe9d1d7000 	C:\Windows\system32\msvcrt.dll
0x00007ffe9d9c0000 - 0x00007ffe9da17000 	C:\Windows\SYSTEM32\sechost.dll
0x00007ffe9d5d0000 - 0x00007ffe9d706000 	C:\Windows\system32\RPCRT4.dll
0x00007ffe9dd20000 - 0x00007ffe9de65000 	C:\Windows\system32\GDI32.dll
0x00007ffe9da40000 - 0x00007ffe9da74000 	C:\Windows\system32\IMM32.DLL
0x00007ffe9d490000 - 0x00007ffe9d5c9000 	C:\Windows\system32\MSCTF.dll
0x0000000071a70000 - 0x0000000071b42000 	C:\Program Files\Java\jdk1.8.0_92\jre\bin\msvcr100.dll
0x0000000071df0000 - 0x0000000072686000 	C:\Program Files\Java\jdk1.8.0_92\jre\bin\server\jvm.dll
0x00007ffe965a0000 - 0x00007ffe965a9000 	C:\Windows\SYSTEM32\WSOCK32.dll
0x00007ffe94b20000 - 0x00007ffe94b3f000 	C:\Windows\SYSTEM32\WINMM.dll
0x00007ffe956a0000 - 0x00007ffe956aa000 	C:\Windows\SYSTEM32\VERSION.dll
0x00007ffe9f4d0000 - 0x00007ffe9f4d7000 	C:\Windows\system32\PSAPI.DLL
0x00007ffe9dae0000 - 0x00007ffe9db38000 	C:\Windows\system32\WS2_32.dll
0x00007ffe94680000 - 0x00007ffe946aa000 	C:\Windows\SYSTEM32\WINMMBASE.dll
0x00007ffe9d9b0000 - 0x00007ffe9d9b9000 	C:\Windows\system32\NSI.dll
0x00007ffe9cdf0000 - 0x00007ffe9ce3a000 	C:\Windows\SYSTEM32\cfgmgr32.dll
0x00007ffe9bab0000 - 0x00007ffe9bad6000 	C:\Windows\SYSTEM32\DEVOBJ.dll
0x0000000072790000 - 0x000000007279f000 	C:\Program Files\Java\jdk1.8.0_92\jre\bin\verify.dll
0x0000000072760000 - 0x0000000072789000 	C:\Program Files\Java\jdk1.8.0_92\jre\bin\java.dll
0x0000000072740000 - 0x0000000072756000 	C:\Program Files\Java\jdk1.8.0_92\jre\bin\zip.dll
0x00007ffe9e010000 - 0x00007ffe9f41e000 	C:\Windows\system32\SHELL32.dll
0x00007ffe9f4e0000 - 0x00007ffe9f6b7000 	C:\Windows\SYSTEM32\combase.dll
0x00007ffe9da80000 - 0x00007ffe9dad1000 	C:\Windows\system32\SHLWAPI.dll
0x00007ffe9b340000 - 0x00007ffe9b3e1000 	C:\Windows\SYSTEM32\SHCORE.dll
0x00007ffe9cc20000 - 0x00007ffe9cc34000 	C:\Windows\SYSTEM32\profapi.dll

VM Arguments:
jvm_args: -Djava.awt.headless=true -Xmx1024M -Dfile.encoding=windows-1252 -Duser.country=US -Duser.language=en -Duser.variant 
java_command: com.android.dx.command.Main --dex --force-jumbo --num-threads=4 --multi-dex --output C:\Users\Jovan\AndroidStudioProjects\Widget\app\build\intermediates\transforms\dex\debug\folders\1000\10\com.android.support-appcompat-v7-25.0.0_8995e6749b5eb1ce63993d712d31e968e5932ea8 C:\Users\Jovan\AndroidStudioProjects\Widget\app\build\intermediates\exploded-aar\com.android.support\appcompat-v7\25.0.0\jars\classes.jar
java_class_path (initial): C:\Users\Jovan\AppData\Local\Android\sdk\build-tools\24.0.0\lib\dx.jar
Launcher Type: SUN_STANDARD

Environment Variables:
PATH=C:\Program Files\ImageMagick-7.0.3-Q16;C:\ProgramData\Oracle\Java\javapath;C:\Python34\;C:\Python34\Scripts;C:\Windows\system32;C:\Windows;C:\Windows\System32\Wbem;C:\Windows\System32\WindowsPowerShell\v1.0\;C:\HashiCorp\Vagrant\bin;C:\Program Files (x86)\Skype\Phone\
USERNAME=Jovan
OS=Windows_NT
PROCESSOR_IDENTIFIER=Intel64 Family 6 Model 69 Stepping 1, GenuineIntel



---------------  S Y S T E M  ---------------

OS: Windows 8.1 , 64 bit Build 9600 (6.3.9600.16384)

CPU:total 4 (2 cores per cpu, 2 threads per core) family 6 model 69 stepping 1, cmov, cx8, fxsr, mmx, sse, sse2, sse3, ssse3, sse4.1, sse4.2, popcnt, avx, avx2, aes, clmul, erms, lzcnt, ht, tsc, tscinvbit, bmi1, bmi2

Memory: 4k page, physical 8269608k(1049664k free), swap 11277860k(8156k free)

vm_info: Java HotSpot(TM) 64-Bit Server VM (25.92-b14) for windows-amd64 JRE (1.8.0_92-b14), built on Mar 31 2016 21:03:04 by "java_re" with MS VC++ 10.0 (VS2010)

time: Mon Apr 10 23:58:36 2017
elapsed time: 13 seconds (0d 0h 0m 13s)

