#
# There is insufficient memory for the Java Runtime Environment to continue.
# Native memory allocation (malloc) failed to allocate 1080656 bytes for Chunk::new
# Possible reasons:
#   The system is out of physical RAM or swap space
#   In 32 bit mode, the process size limit was hit
# Possible solutions:
#   Reduce memory load on the system
#   Increase physical memory or swap space
#   Check if swap backing store is full
#   Use 64 bit Java on a 64 bit OS
#   Decrease Java heap size (-Xmx/-Xms)
#   Decrease number of Java threads
#   Decrease Java thread stack sizes (-Xss)
#   Set larger code cache with -XX:ReservedCodeCacheSize=
# This output file may be truncated or incomplete.
#
#  Out of Memory Error (allocation.cpp:390), pid=14968, tid=0x0000000000003eb0
#
# JRE version: Java(TM) SE Runtime Environment (8.0_92-b14) (build 1.8.0_92-b14)
# Java VM: Java HotSpot(TM) 64-Bit Server VM (25.92-b14 mixed mode windows-amd64 compressed oops)
# Failed to write core dump. Minidumps are not enabled by default on client versions of Windows
#

---------------  T H R E A D  ---------------

Current thread (0x000000001547f800):  JavaThread "C2 CompilerThread0" daemon [_thread_in_native, id=16048, stack(0x0000000016ac0000,0x0000000016bc0000)]

Stack: [0x0000000016ac0000,0x0000000016bc0000]
[error occurred during error reporting (printing stack bounds), id 0xc0000005]

Native frames: (J=compiled Java code, j=interpreted, Vv=VM code, C=native code)


Current CompileTask:
C2:  14429 2071       4       com.android.dx.dex.code.OutputFinisher::addConstants (93 bytes)


---------------  P R O C E S S  ---------------

Java Threads: ( => current thread )
  0x0000000017fe3800 JavaThread "pool-1-thread-1" [_thread_in_Java, id=15536, stack(0x00000000173c0000,0x00000000174c0000)]
  0x0000000016cc6800 JavaThread "Service Thread" daemon [_thread_blocked, id=15508, stack(0x00000000171c0000,0x00000000172c0000)]
  0x0000000016cc1000 JavaThread "C1 CompilerThread2" daemon [_thread_blocked, id=4144, stack(0x00000000170c0000,0x00000000171c0000)]
  0x00000000154cf800 JavaThread "C2 CompilerThread1" daemon [_thread_in_native, id=8104, stack(0x0000000016bc0000,0x0000000016cc0000)]
=>0x000000001547f800 JavaThread "C2 CompilerThread0" daemon [_thread_in_native, id=16048, stack(0x0000000016ac0000,0x0000000016bc0000)]
  0x000000001547d000 JavaThread "Attach Listener" daemon [_thread_blocked, id=15076, stack(0x00000000169c0000,0x0000000016ac0000)]
  0x000000001547a000 JavaThread "Signal Dispatcher" daemon [_thread_blocked, id=10748, stack(0x00000000168c0000,0x00000000169c0000)]
  0x0000000002dab000 JavaThread "Finalizer" daemon [_thread_blocked, id=16060, stack(0x00000000166e0000,0x00000000167e0000)]
  0x0000000015448800 JavaThread "Reference Handler" daemon [_thread_blocked, id=6072, stack(0x00000000165e0000,0x00000000166e0000)]
  0x0000000002cb0800 JavaThread "main" [_thread_blocked, id=13476, stack(0x0000000002af0000,0x0000000002bf0000)]

Other Threads:
  0x0000000015447000 VMThread [stack: 0x00000000164e0000,0x00000000165e0000] [id=15440]
  0x0000000016cdb800 WatcherThread [stack: 0x00000000172c0000,0x00000000173c0000] [id=14188]

VM state:not at safepoint (normal execution)

VM Mutex/Monitor currently owned by a thread: None

Heap:
 PSYoungGen      total 138240K, used 42052K [0x00000000eab00000, 0x00000000fe300000, 0x0000000100000000)
  eden space 133120K, 27% used [0x00000000eab00000,0x00000000ecf12168,0x00000000f2d00000)
  from space 5120K, 99% used [0x00000000f2d00000,0x00000000f31ff038,0x00000000f3200000)
  to   space 26624K, 0% used [0x00000000fc900000,0x00000000fc900000,0x00000000fe300000)
 ParOldGen       total 87552K, used 43881K [0x00000000c0000000, 0x00000000c5580000, 0x00000000eab00000)
  object space 87552K, 50% used [0x00000000c0000000,0x00000000c2ada670,0x00000000c5580000)
 Metaspace       used 6631K, capacity 7480K, committed 7680K, reserved 1056768K
  class space    used 629K, capacity 688K, committed 768K, reserved 1048576K

Card table byte_map: [0x0000000012170000,0x0000000012380000] byte_map_base: 0x0000000011b70000

Marking Bits: (ParMarkBitMap*) 0x00000000726064f0
 Begin Bits: [0x00000000128e0000, 0x00000000138e0000)
 End Bits:   [0x00000000138e0000, 0x00000000148e0000)

Polling page: 0x0000000001230000

CodeCache: size=245760Kb used=9555Kb max_used=9555Kb free=236204Kb
 bounds [0x0000000002db0000, 0x0000000003710000, 0x0000000011db0000]
 total_blobs=2425 nmethods=2160 adapters=176
 compilation: disabled (not enough contiguous free space left)

Compilation events (10 events):
Event: 14.105 Thread 0x0000000016cc1000 2244 %     3       com.android.dx.dex.code.OutputFinisher::assignAddresses @ 12 (51 bytes)
Event: 14.106 Thread 0x0000000016cc1000 nmethod 2244% 0x00000000037081d0 code [0x00000000037083c0, 0x0000000003708cd8]
Event: 14.106 Thread 0x0000000016cc1000 2247 %     3       com.android.dx.dex.code.LocalList::make @ 16 (102 bytes)
Event: 14.108 Thread 0x0000000016cc1000 nmethod 2247% 0x0000000003709210 code [0x0000000003709460, 0x000000000370a528]
Event: 14.108 Thread 0x0000000016cc1000 2249 %     3       com.android.dx.dex.code.OutputFinisher::makeOpcodesArray @ 15 (45 bytes)
Event: 14.109 Thread 0x0000000016cc1000 nmethod 2249% 0x000000000370ab90 code [0x000000000370ad60, 0x000000000370b618]
Event: 14.109 Thread 0x0000000016cc1000 2243 %     3       com.android.dx.dex.code.OutputFinisher::calculateReservedCount @ 16 (122 bytes)
Event: 14.111 Thread 0x0000000016cc1000 nmethod 2243% 0x000000000370bb50 code [0x000000000370bd80, 0x000000000370c958]
Event: 14.111 Thread 0x0000000016cc1000 2245 % !   3       com.android.dx.dex.code.OutputFinisher::fixBranches @ 12 (234 bytes)
Event: 14.120 Thread 0x0000000016cc1000 


GC Heap History (10 events):
Event: 3.764 GC heap before
{Heap before GC invocations=1 (full 0):
 PSYoungGen      total 38400K, used 33280K [0x00000000eab00000, 0x00000000ed580000, 0x0000000100000000)
  eden space 33280K, 100% used [0x00000000eab00000,0x00000000ecb80000,0x00000000ecb80000)
  from space 5120K, 0% used [0x00000000ed080000,0x00000000ed080000,0x00000000ed580000)
  to   space 5120K, 0% used [0x00000000ecb80000,0x00000000ecb80000,0x00000000ed080000)
 ParOldGen       total 87552K, used 0K [0x00000000c0000000, 0x00000000c5580000, 0x00000000eab00000)
  object space 87552K, 0% used [0x00000000c0000000,0x00000000c0000000,0x00000000c5580000)
 Metaspace       used 5888K, capacity 6896K, committed 7040K, reserved 1056768K
  class space    used 589K, capacity 616K, committed 640K, reserved 1048576K
Event: 4.474 GC heap after
Heap after GC invocations=1 (full 0):
 PSYoungGen      total 38400K, used 5092K [0x00000000eab00000, 0x00000000ef600000, 0x0000000100000000)
  eden space 33280K, 0% used [0x00000000eab00000,0x00000000eab00000,0x00000000ecb80000)
  from space 5120K, 99% used [0x00000000ecb80000,0x00000000ed079290,0x00000000ed080000)
  to   space 5120K, 0% used [0x00000000ef100000,0x00000000ef100000,0x00000000ef600000)
 ParOldGen       total 87552K, used 1020K [0x00000000c0000000, 0x00000000c5580000, 0x00000000eab00000)
  object space 87552K, 1% used [0x00000000c0000000,0x00000000c00ff1d0,0x00000000c5580000)
 Metaspace       used 5888K, capacity 6896K, committed 7040K, reserved 1056768K
  class space    used 589K, capacity 616K, committed 640K, reserved 1048576K
}
Event: 6.343 GC heap before
{Heap before GC invocations=2 (full 0):
 PSYoungGen      total 38400K, used 38372K [0x00000000eab00000, 0x00000000ef600000, 0x0000000100000000)
  eden space 33280K, 100% used [0x00000000eab00000,0x00000000ecb80000,0x00000000ecb80000)
  from space 5120K, 99% used [0x00000000ecb80000,0x00000000ed079290,0x00000000ed080000)
  to   space 5120K, 0% used [0x00000000ef100000,0x00000000ef100000,0x00000000ef600000)
 ParOldGen       total 87552K, used 1020K [0x00000000c0000000, 0x00000000c5580000, 0x00000000eab00000)
  object space 87552K, 1% used [0x00000000c0000000,0x00000000c00ff1d0,0x00000000c5580000)
 Metaspace       used 6020K, capacity 7024K, committed 7296K, reserved 1056768K
  class space    used 590K, capacity 616K, committed 640K, reserved 1048576K
Event: 6.687 GC heap after
Heap after GC invocations=2 (full 0):
 PSYoungGen      total 71680K, used 5100K [0x00000000eab00000, 0x00000000ef600000, 0x0000000100000000)
  eden space 66560K, 0% used [0x00000000eab00000,0x00000000eab00000,0x00000000eec00000)
  from space 5120K, 99% used [0x00000000ef100000,0x00000000ef5fb3f0,0x00000000ef600000)
  to   space 5120K, 0% used [0x00000000eec00000,0x00000000eec00000,0x00000000ef100000)
 ParOldGen       total 87552K, used 5079K [0x00000000c0000000, 0x00000000c5580000, 0x00000000eab00000)
  object space 87552K, 5% used [0x00000000c0000000,0x00000000c04f5c80,0x00000000c5580000)
 Metaspace       used 6020K, capacity 7024K, committed 7296K, reserved 1056768K
  class space    used 590K, capacity 616K, committed 640K, reserved 1048576K
}
Event: 9.051 GC heap before
{Heap before GC invocations=3 (full 0):
 PSYoungGen      total 71680K, used 71660K [0x00000000eab00000, 0x00000000ef600000, 0x0000000100000000)
  eden space 66560K, 100% used [0x00000000eab00000,0x00000000eec00000,0x00000000eec00000)
  from space 5120K, 99% used [0x00000000ef100000,0x00000000ef5fb3f0,0x00000000ef600000)
  to   space 5120K, 0% used [0x00000000eec00000,0x00000000eec00000,0x00000000ef100000)
 ParOldGen       total 87552K, used 5079K [0x00000000c0000000, 0x00000000c5580000, 0x00000000eab00000)
  object space 87552K, 5% used [0x00000000c0000000,0x00000000c04f5c80,0x00000000c5580000)
 Metaspace       used 6149K, capacity 7152K, committed 7296K, reserved 1056768K
  class space    used 591K, capacity 616K, committed 640K, reserved 1048576K
Event: 9.120 GC heap after
Heap after GC invocations=3 (full 0):
 PSYoungGen      total 71680K, used 5117K [0x00000000eab00000, 0x00000000f3700000, 0x0000000100000000)
  eden space 66560K, 0% used [0x00000000eab00000,0x00000000eab00000,0x00000000eec00000)
  from space 5120K, 99% used [0x00000000eec00000,0x00000000ef0ff598,0x00000000ef100000)
  to   space 5120K, 0% used [0x00000000f3200000,0x00000000f3200000,0x00000000f3700000)
 ParOldGen       total 87552K, used 14667K [0x00000000c0000000, 0x00000000c5580000, 0x00000000eab00000)
  object space 87552K, 16% used [0x00000000c0000000,0x00000000c0e52c40,0x00000000c5580000)
 Metaspace       used 6149K, capacity 7152K, committed 7296K, reserved 1056768K
  class space    used 591K, capacity 616K, committed 640K, reserved 1048576K
}
Event: 10.083 GC heap before
{Heap before GC invocations=4 (full 0):
 PSYoungGen      total 71680K, used 71677K [0x00000000eab00000, 0x00000000f3700000, 0x0000000100000000)
  eden space 66560K, 100% used [0x00000000eab00000,0x00000000eec00000,0x00000000eec00000)
  from space 5120K, 99% used [0x00000000eec00000,0x00000000ef0ff598,0x00000000ef100000)
  to   space 5120K, 0% used [0x00000000f3200000,0x00000000f3200000,0x00000000f3700000)
 ParOldGen       total 87552K, used 14667K [0x00000000c0000000, 0x00000000c5580000, 0x00000000eab00000)
  object space 87552K, 16% used [0x00000000c0000000,0x00000000c0e52c40,0x00000000c5580000)
 Metaspace       used 6267K, capacity 7160K, committed 7296K, reserved 1056768K
  class space    used 611K, capacity 624K, committed 640K, reserved 1048576K
Event: 10.207 GC heap after
Heap after GC invocations=4 (full 0):
 PSYoungGen      total 138240K, used 5095K [0x00000000eab00000, 0x00000000f3700000, 0x0000000100000000)
  eden space 133120K, 0% used [0x00000000eab00000,0x00000000eab00000,0x00000000f2d00000)
  from space 5120K, 99% used [0x00000000f3200000,0x00000000f36f9c08,0x00000000f3700000)
  to   space 5120K, 0% used [0x00000000f2d00000,0x00000000f2d00000,0x00000000f3200000)
 ParOldGen       total 87552K, used 24261K [0x00000000c0000000, 0x00000000c5580000, 0x00000000eab00000)
  object space 87552K, 27% used [0x00000000c0000000,0x00000000c17b1798,0x00000000c5580000)
 Metaspace       used 6267K, capacity 7160K, committed 7296K, reserved 1056768K
  class space    used 611K, capacity 624K, committed 640K, reserved 1048576K
}
Event: 11.911 GC heap before
{Heap before GC invocations=5 (full 0):
 PSYoungGen      total 138240K, used 138215K [0x00000000eab00000, 0x00000000f3700000, 0x0000000100000000)
  eden space 133120K, 100% used [0x00000000eab00000,0x00000000f2d00000,0x00000000f2d00000)
  from space 5120K, 99% used [0x00000000f3200000,0x00000000f36f9c08,0x00000000f3700000)
  to   space 5120K, 0% used [0x00000000f2d00000,0x00000000f2d00000,0x00000000f3200000)
 ParOldGen       total 87552K, used 24261K [0x00000000c0000000, 0x00000000c5580000, 0x00000000eab00000)
  object space 87552K, 27% used [0x00000000c0000000,0x00000000c17b1798,0x00000000c5580000)
 Metaspace       used 6361K, capacity 7224K, committed 7296K, reserved 1056768K
  class space    used 611K, capacity 624K, committed 640K, reserved 1048576K
Event: 12.051 GC heap after
Heap after GC invocations=5 (full 0):
 PSYoungGen      total 138240K, used 5116K [0x00000000eab00000, 0x00000000fe300000, 0x0000000100000000)
  eden space 133120K, 0% used [0x00000000eab00000,0x00000000eab00000,0x00000000f2d00000)
  from space 5120K, 99% used [0x00000000f2d00000,0x00000000f31ff038,0x00000000f3200000)
  to   space 26624K, 0% used [0x00000000fc900000,0x00000000fc900000,0x00000000fe300000)
 ParOldGen       total 87552K, used 43881K [0x00000000c0000000, 0x00000000c5580000, 0x00000000eab00000)
  object space 87552K, 50% used [0x00000000c0000000,0x00000000c2ada670,0x00000000c5580000)
 Metaspace       used 6361K, capacity 7224K, committed 7296K, reserved 1056768K
  class space    used 611K, capacity 624K, committed 640K, reserved 1048576K
}

Deoptimization events (10 events):
Event: 12.661 Thread 0x0000000017fe3800 Uncommon trap: reason=class_check action=maybe_recompile pc=0x00000000032b3858 method=java.util.Arrays.hashCode([Ljava/lang/Object;)I @ 43
Event: 12.661 Thread 0x0000000017fe3800 Uncommon trap: reason=class_check action=maybe_recompile pc=0x00000000032b3858 method=java.util.Arrays.hashCode([Ljava/lang/Object;)I @ 43
Event: 12.661 Thread 0x0000000017fe3800 Uncommon trap: reason=class_check action=maybe_recompile pc=0x00000000032b3858 method=java.util.Arrays.hashCode([Ljava/lang/Object;)I @ 43
Event: 12.661 Thread 0x0000000017fe3800 Uncommon trap: reason=class_check action=maybe_recompile pc=0x000000000326af78 method=java.util.Arrays.hashCode([Ljava/lang/Object;)I @ 43
Event: 13.965 Thread 0x0000000017fe3800 Uncommon trap: reason=speculate_class_check action=maybe_recompile pc=0x000000000316dcc0 method=com.android.dx.util.FixedSizeList.equals(Ljava/lang/Object;)Z @ 25
Event: 14.023 Thread 0x0000000017fe3800 Uncommon trap: reason=speculate_class_check action=maybe_recompile pc=0x000000000316dcc0 method=com.android.dx.util.FixedSizeList.equals(Ljava/lang/Object;)Z @ 25
Event: 14.023 Thread 0x0000000017fe3800 Uncommon trap: reason=speculate_class_check action=maybe_recompile pc=0x000000000316dcc0 method=com.android.dx.util.FixedSizeList.equals(Ljava/lang/Object;)Z @ 25
Event: 14.023 Thread 0x0000000017fe3800 Uncommon trap: reason=speculate_class_check action=maybe_recompile pc=0x000000000316dcc0 method=com.android.dx.util.FixedSizeList.equals(Ljava/lang/Object;)Z @ 25
Event: 14.135 Thread 0x0000000017fe3800 Uncommon trap: reason=unstable_if action=reinterpret pc=0x000000000359442c method=java.util.TreeMap.put(Ljava/lang/Object;Ljava/lang/Object;)Ljava/lang/Object; @ 163
Event: 14.137 Thread 0x0000000017fe3800 Uncommon trap: reason=unstable_if action=reinterpret pc=0x00000000033e63a8 method=com.android.dx.rop.code.RegisterSpecSet.equals(Ljava/lang/Object;)Z @ 30

Internal exceptions (5 events):
Event: 0.142 Thread 0x0000000002cb0800 Exception <a 'java/lang/NoSuchMethodError': Method sun.misc.Unsafe.defineClass(Ljava/lang/String;[BII)Ljava/lang/Class; name or signature does not match> (0x00000000eab07cc0) thrown at [D:\re\workspace\8-2-build-windows-amd64-cygwin\jdk8u92\6642\hotspot\srl#ôè:Â?
Event: 0.142 Thread 0x0000000002cb0800 Exception <a 'java/lang/NoSuchMethodError': Method sun.misc.Unsafe.prefetchRead(Ljava/lang/Object;J)V name or signature does not match> (0x00000000eab07fa8) thrown at [D:\re\workspace\8-2-build-windows-amd64-cygwin\jdk8u92\6642\hotspot\src\share\vm\prims\j7cÎò¹#@
Event: 9.863 Thread 0x000000001704c000 Exception <a 'java/lang/ArrayIndexOutOfBoundsException': 18> (0x00000000ee169738) thrown at [D:\re\workspace\8-2-build-windows-amd64-cygwin\jdk8u92\6642\hotspot\src\share\vm\interpreter\interpreterRuntime.cpp, line 366]
Event: 9.898 Thread 0x000000001704c000 Exception <a 'java/lang/ArrayIndexOutOfBoundsException'> (0x00000000ee16b2b8) thrown at [D:\re\workspace\8-2-build-windows-amd64-cygwin\jdk8u92\6642\hotspot\src\share\vm\runtime\sharedRuntime.cpp, line 605]
Event: 9.901 Thread 0x000000001704c000 Exception <a 'java/lang/ArrayIndexOutOfBoundsException'> (0x00000000ee16c5a0) thrown at [D:\re\workspace\8-2-build-windows-amd64-cygwin\jdk8u92\6642\hotspot\src\share\vm\runtime\sharedRuntime.cpp, line 605]

Events (10 events):
Event: 14.398 Thread 0x0000000017fe3800 DEOPT PACKING pc=0x00000000036d8539 sp=0x00000000174bea80
Event: 14.398 Thread 0x0000000017fe3800 DEOPT UNPACKING pc=0x0000000002df787f sp=0x00000000174be800 mode 0
Event: 14.398 Thread 0x0000000017fe3800 DEOPT PACKING pc=0x00000000036d8cde sp=0x00000000174be9c0
Event: 14.398 Thread 0x0000000017fe3800 DEOPT UNPACKING pc=0x0000000002df787f sp=0x00000000174be748 mode 0
Event: 14.399 Thread 0x0000000017fe3800 DEOPT PACKING pc=0x00000000036d978c sp=0x00000000174be7d0
Event: 14.400 Thread 0x0000000017fe3800 DEOPT UNPACKING pc=0x0000000002df787f sp=0x00000000174be528 mode 0
Event: 14.400 Thread 0x0000000017fe3800 DEOPT PACKING pc=0x00000000036db235 sp=0x00000000174be860
Event: 14.400 Thread 0x0000000017fe3800 DEOPT UNPACKING pc=0x0000000002df787f sp=0x00000000174be5e0 mode 0
Event: 14.404 Thread 0x0000000017fe3800 DEOPT PACKING pc=0x00000000036e8b7a sp=0x00000000174be890
Event: 14.404 Thread 0x0000000017fe3800 DEOPT UNPACKING pc=0x0000000002df787f sp=0x00000000174be668 mode 0


Dynamic libraries:
0x00007ff6a0d60000 - 0x00007ff6a0d97000 	C:\Program Files\Java\jdk1.8.0_92\bin\java.exe
0x00007ffe9f8a0000 - 0x00007ffe9fa49000 	C:\Windows\SYSTEM32\ntdll.dll
0x00007ffe9db40000 - 0x00007ffe9dc7a000 	C:\Windows\system32\KERNEL32.DLL
0x00007ffe9ce40000 - 0x00007ffe9cf4f000 	C:\Windows\system32\KERNELBASE.dll
0x00007ffe9d720000 - 0x00007ffe9d7c5000 	C:\Windows\system32\ADVAPI32.dll
0x00007ffe9d830000 - 0x00007ffe9d9a1000 	C:\Windows\system32\USER32.dll
0x00007ffe9a480000 - 0x00007ffe9a6da000 	C:\Windows\WinSxS\amd64_microsoft.windows.common-controls_6595b64144ccf1df_6.0.9600.16384_none_62475f7becb72503\COMCTL32.dll
0x00007ffe9d130000 - 0x00007ffe9d1d7000 	C:\Windows\system32\msvcrt.dll
0x00007ffe9d9c0000 - 0x00007ffe9da17000 	C:\Windows\SYSTEM32\sechost.dll
0x00007ffe9d5d0000 - 0x00007ffe9d706000 	C:\Windows\system32\RPCRT4.dll
0x00007ffe9dd20000 - 0x00007ffe9de65000 	C:\Windows\system32\GDI32.dll
0x00007ffe9da40000 - 0x00007ffe9da74000 	C:\Windows\system32\IMM32.DLL
0x00007ffe9d490000 - 0x00007ffe9d5c9000 	C:\Windows\system32\MSCTF.dll
0x0000000071a70000 - 0x0000000071b42000 	C:\Program Files\Java\jdk1.8.0_92\jre\bin\msvcr100.dll
0x0000000071df0000 - 0x0000000072686000 	C:\Program Files\Java\jdk1.8.0_92\jre\bin\server\jvm.dll
0x00007ffe965a0000 - 0x00007ffe965a9000 	C:\Windows\SYSTEM32\WSOCK32.dll
0x00007ffe94b20000 - 0x00007ffe94b3f000 	C:\Windows\SYSTEM32\WINMM.dll
0x00007ffe956a0000 - 0x00007ffe956aa000 	C:\Windows\SYSTEM32\VERSION.dll
0x00007ffe9f4d0000 - 0x00007ffe9f4d7000 	C:\Windows\system32\PSAPI.DLL
0x00007ffe9dae0000 - 0x00007ffe9db38000 	C:\Windows\system32\WS2_32.dll
0x00007ffe94680000 - 0x00007ffe946aa000 	C:\Windows\SYSTEM32\WINMMBASE.dll
0x00007ffe9d9b0000 - 0x00007ffe9d9b9000 	C:\Windows\system32\NSI.dll
0x00007ffe9cdf0000 - 0x00007ffe9ce3a000 	C:\Windows\SYSTEM32\cfgmgr32.dll
0x00007ffe9bab0000 - 0x00007ffe9bad6000 	C:\Windows\SYSTEM32\DEVOBJ.dll
0x0000000072790000 - 0x000000007279f000 	C:\Program Files\Java\jdk1.8.0_92\jre\bin\verify.dll
0x0000000072760000 - 0x0000000072789000 	C:\Program Files\Java\jdk1.8.0_92\jre\bin\java.dll
0x0000000072740000 - 0x0000000072756000 	C:\Program Files\Java\jdk1.8.0_92\jre\bin\zip.dll
0x00007ffe9e010000 - 0x00007ffe9f41e000 	C:\Windows\system32\SHELL32.dll
0x00007ffe9f4e0000 - 0x00007ffe9f6b7000 	C:\Windows\SYSTEM32\combase.dll
0x00007ffe9da80000 - 0x00007ffe9dad1000 	C:\Windows\system32\SHLWAPI.dll
0x00007ffe9b340000 - 0x00007ffe9b3e1000 	C:\Windows\SYSTEM32\SHCORE.dll
0x00007ffe9cc20000 - 0x00007ffe9cc34000 	C:\Windows\SYSTEM32\profapi.dll

VM Arguments:
jvm_args: -Djava.awt.headless=true -Xmx1024M -Dfile.encoding=windows-1252 -Duser.country=US -Duser.language=en -Duser.variant 
java_command: com.android.dx.command.Main --dex --force-jumbo --num-threads=4 --multi-dex --output C:\Users\Jovan\AndroidStudioProjects\Widget\app\build\intermediates\transforms\dex\debug\folders\1000\10\com.android.support-appcompat-v7-25.0.0_8995e6749b5eb1ce63993d712d31e968e5932ea8 C:\Users\Jovan\AndroidStudioProjects\Widget\app\build\intermediates\exploded-aar\com.android.support\appcompat-v7\25.0.0\jars\classes.jar
java_class_path (initial): C:\Users\Jovan\AppData\Local\Android\sdk\build-tools\24.0.0\lib\dx.jar
Launcher Type: SUN_STANDARD

Environment Variables:
PATH=C:\Program Files\ImageMagick-7.0.3-Q16;C:\ProgramData\Oracle\Java\javapath;C:\Python34\;C:\Python34\Scripts;C:\Windows\system32;C:\Windows;C:\Windows\System32\Wbem;C:\Windows\System32\WindowsPowerShell\v1.0\;C:\HashiCorp\Vagrant\bin;C:\Program Files (x86)\Skype\Phone\
USERNAME=Jovan
OS=Windows_NT
PROCESSOR_IDENTIFIER=Intel64 Family 6 Model 69 Stepping 1, GenuineIntel



---------------  S Y S T E M  ---------------

OS: Windows 8.1 , 64 bit Build 9600 (6.3.9600.16384)

CPU:total 4 (2 cores per cpu, 2 threads per core) family 6 model 69 stepping 1, cmov, cx8, fxsr, mmx, sse, sse2, sse3, ssse3, sse4.1, sse4.2, popcnt, avx, avx2, aes, clmul, erms, lzcnt, ht, tsc, tscinvbit, bmi1, bmi2

Memory: 4k page, physical 8269608k(955340k free), swap 11277860k(5000k free)

vm_info: Java HotSpot(TM) 64-Bit Server VM (25.92-b14) for windows-amd64 JRE (1.8.0_92-b14), built on Mar 31 2016 21:03:04 by "java_re" with MS VC++ 10.0 (VS2010)

time: Tue Apr 11 11:27:01 2017
elapsed time: 14 seconds (0d 0h 0m 14s)

